2024/05/30 06:12:19 [notice] 1#1: using the "epoll" event method
2024/05/30 06:12:19 [notice] 1#1: nginx/1.25.5
2024/05/30 06:12:19 [notice] 1#1: built by gcc 12.2.0 (Debian 12.2.0-14) 
2024/05/30 06:12:19 [notice] 1#1: OS: Linux 5.15.146.1-microsoft-standard-WSL2
2024/05/30 06:12:19 [notice] 1#1: getrlimit(RLIMIT_NOFILE): 1048576:1048576
2024/05/30 06:12:19 [notice] 1#1: start worker processes
2024/05/30 06:12:19 [notice] 1#1: start worker process 20
2024/05/30 06:12:19 [notice] 1#1: start worker process 21
2024/05/30 06:12:19 [notice] 1#1: start worker process 22
2024/05/30 06:12:19 [notice] 1#1: start worker process 23
2024/05/30 06:12:19 [notice] 1#1: start worker process 24
2024/05/30 06:12:19 [notice] 1#1: start worker process 25
2024/05/30 06:12:19 [notice] 1#1: start worker process 26
2024/05/30 06:12:19 [notice] 1#1: start worker process 27
2024/05/30 06:12:19 [notice] 1#1: start worker process 28
2024/05/30 06:12:19 [notice] 1#1: start worker process 29
2024/05/30 06:12:19 [notice] 1#1: start worker process 30
2024/05/30 06:12:19 [notice] 1#1: start worker process 31
2024/05/30 06:12:19 [notice] 1#1: start worker process 32
2024/05/30 06:12:19 [notice] 1#1: start worker process 33
2024/05/30 06:12:19 [notice] 1#1: start worker process 34
2024/05/30 06:12:19 [notice] 1#1: start worker process 35
2024/05/30 06:12:54 [error] 20#20: *1 open() "/usr/share/nginx/html/favicon.ico" failed (2: No such file or directory), client: 172.24.0.1, server: localhost, request: "GET /favicon.ico HTTP/1.1", host: "192.168.100.1:8880", referrer: "http://192.168.100.1:8880/"
2024/05/30 13:59:48 [notice] 1#1: signal 3 (SIGQUIT) received, shutting down
2024/05/30 13:59:48 [notice] 20#20: gracefully shutting down
2024/05/30 13:59:48 [notice] 22#22: gracefully shutting down
2024/05/30 13:59:48 [notice] 21#21: gracefully shutting down
2024/05/30 13:59:48 [notice] 23#23: gracefully shutting down
2024/05/30 13:59:48 [notice] 28#28: gracefully shutting down
2024/05/30 13:59:48 [notice] 24#24: gracefully shutting down
2024/05/30 13:59:48 [notice] 30#30: gracefully shutting down
2024/05/30 13:59:48 [notice] 25#25: gracefully shutting down
2024/05/30 13:59:48 [notice] 26#26: gracefully shutting down
2024/05/30 13:59:48 [notice] 27#27: gracefully shutting down
2024/05/30 13:59:48 [notice] 31#31: gracefully shutting down
2024/05/30 13:59:48 [notice] 32#32: gracefully shutting down
2024/05/30 13:59:48 [notice] 29#29: gracefully shutting down
2024/05/30 13:59:48 [notice] 34#34: gracefully shutting down
2024/05/30 13:59:48 [notice] 33#33: gracefully shutting down
2024/05/30 13:59:48 [notice] 35#35: gracefully shutting down
2024/05/30 13:59:48 [notice] 20#20: exiting
2024/05/30 13:59:48 [notice] 21#21: exiting
2024/05/30 13:59:48 [notice] 28#28: exiting
2024/05/30 13:59:48 [notice] 22#22: exiting
2024/05/30 13:59:48 [notice] 23#23: exiting
2024/05/30 13:59:48 [notice] 27#27: exiting
2024/05/30 13:59:48 [notice] 25#25: exiting
2024/05/30 13:59:48 [notice] 30#30: exiting
2024/05/30 13:59:48 [notice] 24#24: exiting
2024/05/30 13:59:48 [notice] 26#26: exiting
2024/05/30 13:59:48 [notice] 20#20: exit
2024/05/30 13:59:48 [notice] 26#26: exit
2024/05/30 13:59:48 [notice] 23#23: exit
2024/05/30 13:59:48 [notice] 27#27: exit
2024/05/30 13:59:48 [notice] 21#21: exit
2024/05/30 13:59:48 [notice] 22#22: exit
2024/05/30 13:59:48 [notice] 28#28: exit
2024/05/30 13:59:48 [notice] 32#32: exiting
2024/05/30 13:59:48 [notice] 30#30: exit
2024/05/30 13:59:48 [notice] 34#34: exiting
2024/05/30 13:59:48 [notice] 24#24: exit
2024/05/30 13:59:48 [notice] 25#25: exit
2024/05/30 13:59:48 [notice] 32#32: exit
2024/05/30 13:59:48 [notice] 33#33: exiting
2024/05/30 13:59:48 [notice] 34#34: exit
2024/05/30 13:59:48 [notice] 31#31: exiting
2024/05/30 13:59:48 [notice] 29#29: exiting
2024/05/30 13:59:48 [notice] 35#35: exiting
2024/05/30 13:59:48 [notice] 33#33: exit
2024/05/30 13:59:48 [notice] 31#31: exit
2024/05/30 13:59:48 [notice] 35#35: exit
2024/05/30 13:59:48 [notice] 29#29: exit
2024/05/30 13:59:48 [notice] 1#1: signal 17 (SIGCHLD) received from 20
2024/05/30 13:59:48 [notice] 1#1: worker process 20 exited with code 0
2024/05/30 13:59:48 [notice] 1#1: worker process 21 exited with code 0
2024/05/30 13:59:48 [notice] 1#1: worker process 22 exited with code 0
2024/05/30 13:59:48 [notice] 1#1: worker process 23 exited with code 0
2024/05/30 13:59:48 [notice] 1#1: worker process 29 exited with code 0
2024/05/30 13:59:48 [notice] 1#1: worker process 30 exited with code 0
2024/05/30 13:59:48 [notice] 1#1: worker process 32 exited with code 0
2024/05/30 13:59:48 [notice] 1#1: worker process 34 exited with code 0
2024/05/30 13:59:48 [notice] 1#1: worker process 35 exited with code 0
2024/05/30 13:59:48 [notice] 1#1: signal 29 (SIGIO) received
2024/05/30 13:59:48 [notice] 1#1: signal 17 (SIGCHLD) received from 35
2024/05/30 13:59:48 [notice] 1#1: signal 17 (SIGCHLD) received from 28
2024/05/30 13:59:48 [notice] 1#1: worker process 24 exited with code 0
2024/05/30 13:59:48 [notice] 1#1: worker process 26 exited with code 0
2024/05/30 13:59:48 [notice] 1#1: worker process 27 exited with code 0
2024/05/30 13:59:48 [notice] 1#1: worker process 28 exited with code 0
2024/05/30 13:59:48 [notice] 1#1: worker process 31 exited with code 0
2024/05/30 13:59:48 [notice] 1#1: signal 29 (SIGIO) received
2024/05/30 13:59:48 [notice] 1#1: signal 17 (SIGCHLD) received from 24
2024/05/30 13:59:48 [notice] 1#1: signal 17 (SIGCHLD) received from 33
2024/05/30 13:59:48 [notice] 1#1: worker process 33 exited with code 0
2024/05/30 13:59:48 [notice] 1#1: signal 17 (SIGCHLD) received from 25
2024/05/30 13:59:48 [notice] 1#1: worker process 25 exited with code 0
2024/05/30 13:59:48 [notice] 1#1: exit
2024/06/01 15:13:44 [notice] 1#1: using the "epoll" event method
2024/06/01 15:13:44 [notice] 1#1: nginx/1.25.5
2024/06/01 15:13:44 [notice] 1#1: built by gcc 12.2.0 (Debian 12.2.0-14) 
2024/06/01 15:13:44 [notice] 1#1: OS: Linux 5.15.146.1-microsoft-standard-WSL2
2024/06/01 15:13:44 [notice] 1#1: getrlimit(RLIMIT_NOFILE): 1048576:1048576
2024/06/01 15:13:44 [notice] 1#1: start worker processes
2024/06/01 15:13:44 [notice] 1#1: start worker process 20
2024/06/01 15:13:44 [notice] 1#1: start worker process 21
2024/06/01 15:13:44 [notice] 1#1: start worker process 22
2024/06/01 15:13:44 [notice] 1#1: start worker process 23
2024/06/01 15:13:44 [notice] 1#1: start worker process 24
2024/06/01 15:13:44 [notice] 1#1: start worker process 25
2024/06/01 15:13:44 [notice] 1#1: start worker process 26
2024/06/01 15:13:44 [notice] 1#1: start worker process 27
2024/06/01 15:13:44 [notice] 1#1: start worker process 28
2024/06/01 15:13:44 [notice] 1#1: start worker process 29
2024/06/01 15:13:44 [notice] 1#1: start worker process 30
2024/06/01 15:13:44 [notice] 1#1: start worker process 31
2024/06/01 15:13:44 [notice] 1#1: start worker process 32
2024/06/01 15:13:44 [notice] 1#1: start worker process 33
2024/06/01 15:13:44 [notice] 1#1: start worker process 34
2024/06/01 15:13:44 [notice] 1#1: start worker process 35
